k:\github\cs312-prim\prim\prim\debug\.netframework,version=v4.5.2.assemblyattributes.obj
k:\github\cs312-prim\prim\prim\debug\.netframework,version=v4.5.2.assemblyattributes.asm
k:\github\cs312-prim\prim\prim\debug\vc140.pdb
k:\github\cs312-prim\prim\prim\debug\source.obj
k:\github\cs312-prim\prim\prim\debug\myform.obj
k:\github\cs312-prim\prim\prim\debug\matrix.obj
k:\github\cs312-prim\prim\debug\prim.exe
k:\github\cs312-prim\prim\debug\prim.pdb
k:\github\cs312-prim\prim\prim\debug\prim.myform.resources
k:\github\cs312-prim\prim\prim\debug\prim.vcxproj.generateresource.cache
k:\github\cs312-prim\prim\prim\debug\prim.vcxprojresolveassemblyreference.cache
k:\github\cs312-prim\prim\prim\debug\prim.tlog\cl.command.1.tlog
k:\github\cs312-prim\prim\prim\debug\prim.tlog\cl.read.1.tlog
k:\github\cs312-prim\prim\prim\debug\prim.tlog\cl.write.1.tlog
k:\github\cs312-prim\prim\prim\debug\prim.tlog\link.command.1.tlog
k:\github\cs312-prim\prim\prim\debug\prim.tlog\link.read.1.tlog
k:\github\cs312-prim\prim\prim\debug\prim.tlog\link.write.1.tlog
k:\github\cs312-prim\prim\prim\debug\prim.tlog\metagen.read.1.tlog
k:\github\cs312-prim\prim\prim\debug\prim.tlog\metagen.write.1.tlog
k:\github\cs312-prim\prim\prim\debug\prim.tlog\prim.write.1u.tlog
k:\github\cs312-prim\prim\prim\debug\prim.tlog\rsaenh.dll.bi
k:\github\cs312-prim\prim\prim\debug\prim.tlog\tzres.dll.bi
